

================================================================
== Vivado HLS Report for 'xtea'
================================================================
* Date:           Wed Sep 18 12:05:34 2019

* Version:        2016.4 (Build 1756540 on Mon Jan 23 19:31:01 MST 2017)
* Project:        Xtea_HLS
* Solution:       solution1
* Product family: zynq
* Target device:  xc7z020clg400-1


================================================================
== Performance Estimates
================================================================
+ Timing (ns): 
    * Summary: 
    +--------+-------+----------+------------+
    |  Clock | Target| Estimated| Uncertainty|
    +--------+-------+----------+------------+
    |ap_clk  |  10.00|      7.36|        1.25|
    +--------+-------+----------+------------+

+ Latency (clock cycles): 
    * Summary: 
    +-----+-----+-----+-----+---------+
    |  Latency  |  Interval | Pipeline|
    | min | max | min | max |   Type  |
    +-----+-----+-----+-----+---------+
    |   66|   66|   67|   67|   none  |
    +-----+-----+-----+-----+---------+

    + Detail: 
        * Instance: 
        N/A

        * Loop: 
        +----------+-----+-----+----------+-----------+-----------+------+----------+
        |          |  Latency  | Iteration|  Initiation Interval  | Trip |          |
        | Loop Name| min | max |  Latency |  achieved |   target  | Count| Pipelined|
        +----------+-----+-----+----------+-----------+-----------+------+----------+
        |- Loop 1  |   64|   64|         2|          -|          -|    32|    no    |
        |- Loop 2  |   64|   64|         2|          -|          -|    32|    no    |
        +----------+-----+-----+----------+-----------+-----------+------+----------+



================================================================
== Utilization Estimates
================================================================
* Summary: 
+-----------------+---------+-------+--------+-------+
|       Name      | BRAM_18K| DSP48E|   FF   |  LUT  |
+-----------------+---------+-------+--------+-------+
|DSP              |        -|      -|       -|      -|
|Expression       |        -|      -|       0|   1282|
|FIFO             |        -|      -|       -|      -|
|Instance         |        -|      -|       -|      -|
|Memory           |        -|      -|       -|      -|
|Multiplexer      |        -|      -|       -|    280|
|Register         |        -|      -|     628|      -|
+-----------------+---------+-------+--------+-------+
|Total            |        0|      0|     628|   1562|
+-----------------+---------+-------+--------+-------+
|Available        |      280|    220|  106400|  53200|
+-----------------+---------+-------+--------+-------+
|Utilization (%)  |        0|      0|   ~0   |      2|
+-----------------+---------+-------+--------+-------+

+ Detail: 
    * Instance: 
    N/A

    * DSP48: 
    N/A

    * Memory: 
    N/A

    * FIFO: 
    N/A

    * Expression: 
    +----------------------+----------+-------+---+----+------------+------------+
    |     Variable Name    | Operation| DSP48E| FF| LUT| Bitwidth P0| Bitwidth P1|
    +----------------------+----------+-------+---+----+------------+------------+
    |i_2_fu_528_p2         |     +    |      0|  0|   6|           6|           1|
    |i_3_fu_260_p2         |     +    |      0|  0|   6|           6|           1|
    |sum_2_cast_fu_660_p2  |     +    |      0|  0|   2|           2|           2|
    |sum_2_fu_654_p2       |     +    |      0|  0|  38|          33|          38|
    |sum_3_cast_fu_378_p2  |     +    |      0|  0|  13|          12|          13|
    |sum_3_fu_372_p2       |     +    |      0|  0|  37|          32|          37|
    |tmp16_fu_764_p2       |     +    |      0|  0|  16|          31|          32|
    |tmp17_fu_500_p2       |     +    |      0|  0|  16|          32|          32|
    |tmp_11_fu_634_p2      |     +    |      0|  0|  32|          32|          32|
    |tmp_13_fu_644_p2      |     +    |      0|  0|  32|          32|          32|
    |tmp_21_fu_352_p2      |     +    |      0|  0|  32|          32|          32|
    |tmp_23_fu_362_p2      |     +    |      0|  0|  32|          32|          32|
    |tmp_33_fu_758_p2      |     +    |      0|  0|  32|          32|          32|
    |tmp_34_fu_769_p2      |     +    |      0|  0|  16|          32|          32|
    |tmp_40_fu_494_p2      |     +    |      0|  0|  32|          32|          32|
    |tmp_41_fu_505_p2      |     +    |      0|  0|  16|          32|          32|
    |v0_2_fu_462_p2        |     +    |      0|  0|  32|          32|          32|
    |v1_4_fu_516_p2        |     +    |      0|  0|  32|          32|          32|
    |v0_4_fu_780_p2        |     -    |      0|  0|  32|          32|          32|
    |v1_2_fu_726_p2        |     -    |      0|  0|  32|          32|          32|
    |sel_tmp2_fu_294_p2    |    and   |      0|  0|   1|           1|           1|
    |sel_tmp3_fu_576_p2    |    and   |      0|  0|   1|           1|           1|
    |sel_tmp6_fu_426_p2    |    and   |      0|  0|   1|           1|           1|
    |sel_tmp7_fu_690_p2    |    and   |      0|  0|   1|           1|           1|
    |tmp_16_fu_666_p2      |   icmp   |      0|  0|   1|           2|           1|
    |tmp_17_fu_672_p2      |   icmp   |      0|  0|   1|           2|           1|
    |tmp_1_fu_254_p2       |   icmp   |      0|  0|   3|           6|           7|
    |tmp_26_fu_402_p2      |   icmp   |      0|  0|   5|          13|           1|
    |tmp_27_fu_678_p2      |   icmp   |      0|  0|   2|           2|           3|
    |tmp_28_fu_408_p2      |   icmp   |      0|  0|   5|          13|          12|
    |tmp_30_fu_414_p2      |   icmp   |      0|  0|   5|          13|          14|
    |tmp_3_fu_552_p2       |   icmp   |      0|  0|   5|          13|           1|
    |tmp_5_fu_270_p2       |   icmp   |      0|  0|   1|           2|           1|
    |tmp_6_fu_558_p2       |   icmp   |      0|  0|   5|          13|          12|
    |tmp_7_fu_276_p2       |   icmp   |      0|  0|   1|           2|           1|
    |tmp_8_fu_564_p2       |   icmp   |      0|  0|   5|          13|          14|
    |tmp_9_fu_282_p2       |   icmp   |      0|  0|   2|           2|           3|
    |tmp_fu_522_p2         |   icmp   |      0|  0|   3|           6|           7|
    |or_cond1_fu_588_p2    |    or    |      0|  0|   1|           1|           1|
    |or_cond2_fu_702_p2    |    or    |      0|  0|   1|           1|           1|
    |or_cond3_fu_438_p2    |    or    |      0|  0|   1|           1|           1|
    |or_cond_fu_306_p2     |    or    |      0|  0|   1|           1|           1|
    |newSel10_fu_444_p3    |  select  |      0|  0|  32|           1|          32|
    |newSel11_fu_450_p3    |  select  |      0|  0|  32|           1|          32|
    |newSel1_fu_582_p3     |  select  |      0|  0|  32|           1|          32|
    |newSel2_fu_594_p3     |  select  |      0|  0|  32|           1|          32|
    |newSel3_fu_600_p3     |  select  |      0|  0|  32|           1|          32|
    |newSel4_fu_696_p3     |  select  |      0|  0|  32|           1|          32|
    |newSel5_fu_708_p3     |  select  |      0|  0|  32|           1|          32|
    |newSel6_fu_714_p3     |  select  |      0|  0|  32|           1|          32|
    |newSel7_fu_312_p3     |  select  |      0|  0|  32|           1|          32|
    |newSel8_fu_318_p3     |  select  |      0|  0|  32|           1|          32|
    |newSel9_fu_432_p3     |  select  |      0|  0|  32|           1|          32|
    |newSel_fu_300_p3      |  select  |      0|  0|  32|           1|          32|
    |sel_tmp1_fu_288_p2    |    xor   |      0|  0|   2|           1|           2|
    |sel_tmp4_fu_684_p2    |    xor   |      0|  0|   2|           1|           2|
    |sel_tmp5_fu_420_p2    |    xor   |      0|  0|   2|           1|           2|
    |sel_tmp_fu_570_p2     |    xor   |      0|  0|   2|           1|           2|
    |tmp_10_fu_628_p2      |    xor   |      0|  0|  44|          32|          32|
    |tmp_14_fu_722_p2      |    xor   |      0|  0|  44|          32|          32|
    |tmp_20_fu_346_p2      |    xor   |      0|  0|  44|          32|          32|
    |tmp_24_fu_458_p2      |    xor   |      0|  0|  44|          32|          32|
    |tmp_32_fu_752_p2      |    xor   |      0|  0|  44|          32|          32|
    |tmp_35_fu_774_p2      |    xor   |      0|  0|  44|          32|          32|
    |tmp_39_fu_488_p2      |    xor   |      0|  0|  44|          32|          32|
    |tmp_42_fu_510_p2      |    xor   |      0|  0|  44|          32|          32|
    +----------------------+----------+-------+---+----+------------+------------+
    |Total                 |          |      0|  0|1282|         920|        1274|
    +----------------------+----------+-------+---+----+------------+------------+

    * Multiplexer: 
    +---------------+----+-----------+-----+-----------+
    |      Name     | LUT| Input Size| Bits| Total Bits|
    +---------------+----+-----------+-----+-----------+
    |ap_NS_fsm      |   1|          7|    1|          7|
    |i_1_reg_199    |   6|          2|    6|         12|
    |i_reg_157      |   6|          2|    6|         12|
    |sum_1_reg_188  |  38|          2|   38|         76|
    |sum_reg_146    |  37|          2|   37|         74|
    |v0_1_reg_210   |  32|          2|   32|         64|
    |v0_3_reg_230   |  32|          2|   32|         64|
    |v0_reg_168     |  32|          2|   32|         64|
    |v1_1_reg_220   |  32|          2|   32|         64|
    |v1_3_reg_242   |  32|          2|   32|         64|
    |v1_reg_178     |  32|          2|   32|         64|
    +---------------+----+-----------+-----+-----------+
    |Total          | 280|         27|  280|        565|
    +---------------+----+-----------+-----+-----------+

    * Register: 
    +------------------+----+----+-----+-----------+
    |       Name       | FF | LUT| Bits| Const Bits|
    +------------------+----+----+-----+-----------+
    |ap_CS_fsm         |   6|   0|    6|          0|
    |i_1_reg_199       |   6|   0|    6|          0|
    |i_2_reg_879       |   6|   0|    6|          0|
    |i_3_reg_836       |   6|   0|    6|          0|
    |i_reg_157         |   6|   0|    6|          0|
    |newSel11_reg_861  |  32|   0|   32|          0|
    |newSel6_reg_904   |  32|   0|   32|          0|
    |sum_1_reg_188     |  38|   0|   38|          0|
    |sum_2_reg_899     |  38|   0|   38|          0|
    |sum_3_reg_856     |  37|   0|   37|          0|
    |sum_reg_146       |  37|   0|   37|          0|
    |tmp_11_reg_884    |  32|   0|   32|          0|
    |tmp_13_reg_894    |  32|   0|   32|          0|
    |tmp_18_reg_889    |  32|   0|   32|          0|
    |tmp_21_reg_841    |  32|   0|   32|          0|
    |tmp_23_reg_851    |  32|   0|   32|          0|
    |tmp_45_reg_846    |  32|   0|   32|          0|
    |v0_1_reg_210      |  32|   0|   32|          0|
    |v0_3_reg_230      |  32|   0|   32|          0|
    |v0_reg_168        |  32|   0|   32|          0|
    |v1_1_reg_220      |  32|   0|   32|          0|
    |v1_3_reg_242      |  32|   0|   32|          0|
    |v1_reg_178        |  32|   0|   32|          0|
    +------------------+----+----+-----+-----------+
    |Total             | 628|   0|  628|          0|
    +------------------+----+----+-----+-----------+



================================================================
== Interface
================================================================
* Summary: 
+----------------+-----+-----+------------+--------------+--------------+
|    RTL Ports   | Dir | Bits|  Protocol  | Source Object|    C Type    |
+----------------+-----+-----+------------+--------------+--------------+
|ap_clk          |  in |    1| ap_ctrl_hs |     xtea     | return value |
|ap_rst          |  in |    1| ap_ctrl_hs |     xtea     | return value |
|ap_start        |  in |    1| ap_ctrl_hs |     xtea     | return value |
|ap_done         | out |    1| ap_ctrl_hs |     xtea     | return value |
|ap_idle         | out |    1| ap_ctrl_hs |     xtea     | return value |
|ap_ready        | out |    1| ap_ctrl_hs |     xtea     | return value |
|word0           |  in |   32|   ap_none  |     word0    |    scalar    |
|word1           |  in |   32|   ap_none  |     word1    |    scalar    |
|key0            |  in |   32|   ap_none  |     key0     |    scalar    |
|key1            |  in |   32|   ap_none  |     key1     |    scalar    |
|key2            |  in |   32|   ap_none  |     key2     |    scalar    |
|key3            |  in |   32|   ap_none  |     key3     |    scalar    |
|mode            |  in |    1|   ap_none  |     mode     |    scalar    |
|result0         | out |   32|   ap_vld   |    result0   |    pointer   |
|result0_ap_vld  | out |    1|   ap_vld   |    result0   |    pointer   |
|result1         | out |   32|   ap_vld   |    result1   |    pointer   |
|result1_ap_vld  | out |    1|   ap_vld   |    result1   |    pointer   |
+----------------+-----+-----+------------+--------------+--------------+

